{
  "RSpec": {
    "coverage": {
      "/home/canojuan/RubymineProjects/BengalEvents/BengalApplication/spec/features/homeroutes_spec.rb": [
        1,
        null,
        1,
        null,
        1,
        1,
        6,
        6,
        6,
        6,
        6,
        null,
        6,
        null,
        null,
        1,
        1,
        1,
        null,
        null,
        1,
        null,
        1,
        1,
        1,
        1,
        null,
        1,
        1,
        null,
        null,
        1,
        1,
        1,
        1,
        null,
        1,
        1,
        null,
        null,
        1,
        1,
        1,
        1,
        null,
        1,
        1,
        null,
        null,
        1,
        1,
        1,
        1,
        null,
        1,
        1,
        null,
        null,
        1,
        1,
        1,
        1,
        null,
        1,
        1,
        null,
        null,
        null,
        null
      ],
      "/home/canojuan/RubymineProjects/BengalEvents/BengalApplication/spec/rails_helper.rb": [
        null,
        1,
        1,
        1,
        1,
        null,
        1,
        1,
        1,
        1,
        1,
        null,
        null,
        null,
        null,
        null,
        null,
        null,
        null,
        null,
        null,
        null,
        null,
        null,
        null,
        null,
        null,
        null,
        null,
        null,
        1,
        1,
        null,
        0,
        0,
        null,
        1,
        1,
        null,
        null,
        null,
        1,
        6,
        null,
        null,
        1,
        null,
        null,
        6,
        null,
        6,
        null,
        null,
        null,
        0,
        null,
        null,
        null,
        1,
        6,
        null,
        null,
        1,
        6,
        null,
        null,
        1,
        null,
        null,
        null,
        1,
        1,
        null,
        null,
        null,
        null,
        null,
        null,
        null,
        null,
        null,
        null,
        null,
        null,
        null,
        1,
        1,
        null,
        1,
        null,
        null,
        null,
        null
      ],
      "/home/canojuan/RubymineProjects/BengalEvents/BengalApplication/config/environment.rb": [
        null,
        1,
        null,
        null,
        1,
        null
      ],
      "/home/canojuan/RubymineProjects/BengalEvents/BengalApplication/config/application.rb": [
        1,
        null,
        1,
        1,
        null,
        null,
        1,
        null,
        1,
        1,
        null,
        1,
        null,
        null,
        null,
        null,
        null,
        1,
        1,
        1,
        null,
        null
      ],
      "/home/canojuan/RubymineProjects/BengalEvents/BengalApplication/config/boot.rb": [
        1,
        null,
        1,
        1
      ],
      "/home/canojuan/RubymineProjects/BengalEvents/BengalApplication/config/environments/test.rb": [
        1,
        null,
        null,
        null,
        null,
        null,
        null,
        1,
        null,
        null,
        null,
        null,
        1,
        null,
        null,
        1,
        1,
        null,
        null,
        null,
        null,
        1,
        1,
        null,
        null,
        1,
        null,
        null,
        1,
        null,
        null,
        1,
        null,
        1,
        null,
        null,
        null,
        null,
        null,
        null,
        1,
        1,
        1,
        1,
        1,
        1,
        1,
        1,
        null,
        null,
        null,
        null,
        null,
        null,
        null,
        null,
        null,
        null,
        null,
        null
      ],
      "/home/canojuan/RubymineProjects/BengalEvents/BengalApplication/config/initializers/application_controller_renderer.rb": [
        null,
        null,
        null,
        null,
        null,
        null,
        null,
        null
      ],
      "/home/canojuan/RubymineProjects/BengalEvents/BengalApplication/config/initializers/assets.rb": [
        null,
        null,
        null,
        1,
        null,
        null,
        null,
        null,
        1,
        1,
        1,
        1,
        1,
        1,
        1,
        null,
        null,
        null,
        null
      ],
      "/home/canojuan/RubymineProjects/BengalEvents/BengalApplication/config/initializers/backtrace_silencers.rb": [
        null,
        null,
        null,
        null,
        null,
        null,
        null
      ],
      "/home/canojuan/RubymineProjects/BengalEvents/BengalApplication/config/initializers/content_security_policy.rb": [
        null,
        null,
        null,
        null,
        null,
        null,
        null,
        null,
        null,
        null,
        null,
        null,
        null,
        null,
        null,
        null,
        null,
        null,
        null,
        null,
        null,
        null,
        null,
        null,
        null
      ],
      "/home/canojuan/RubymineProjects/BengalEvents/BengalApplication/config/initializers/cookies_serializer.rb": [
        null,
        null,
        null,
        null,
        1
      ],
      "/home/canojuan/RubymineProjects/BengalEvents/BengalApplication/config/initializers/customize_error.rb": [
        null,
        1,
        0,
        null
      ],
      "/home/canojuan/RubymineProjects/BengalEvents/BengalApplication/config/initializers/devise.rb": [
        null,
        null,
        null,
        null,
        1,
        null,
        null,
        null,
        null,
        null,
        null,
        null,
        null,
        null,
        null,
        null,
        null,
        null,
        null,
        null,
        1,
        null,
        null,
        null,
        null,
        null,
        null,
        null,
        null,
        null,
        null,
        null,
        1,
        null,
        null,
        null,
        null,
        null,
        null,
        null,
        null,
        null,
        null,
        null,
        null,
        null,
        null,
        null,
        null,
        null,
        null,
        null,
        null,
        null,
        1,
        1,
        null,
        null,
        null,
        null,
        1,
        null,
        null,
        null,
        null,
        null,
        null,
        null,
        null,
        null,
        null,
        null,
        null,
        null,
        null,
        null,
        null,
        null,
        null,
        null,
        null,
        null,
        null,
        null,
        null,
        null,
        null,
        null,
        null,
        null,
        1,
        null,
        null,
        null,
        null,
        null,
        null,
        null,
        null,
        null,
        null,
        null,
        null,
        null,
        null,
        null,
        null,
        null,
        null,
        null,
        null,
        null,
        null,
        1,
        null,
        null,
        null,
        null,
        null,
        null,
        null,
        null,
        null,
        null,
        null,
        null,
        null,
        null,
        null,
        null,
        null,
        null,
        null,
        null,
        null,
        null,
        null,
        null,
        null,
        null,
        null,
        null,
        null,
        null,
        null,
        null,
        null,
        1,
        null,
        null,
        null,
        null,
        null,
        null,
        null,
        null,
        null,
        1,
        null,
        null,
        null,
        null,
        null,
        null,
        null,
        null,
        null,
        null,
        1,
        null,
        null,
        null,
        null,
        1,
        null,
        null,
        null,
        null,
        null,
        null,
        null,
        null,
        null,
        null,
        null,
        null,
        null,
        null,
        null,
        null,
        null,
        null,
        null,
        null,
        null,
        null,
        null,
        null,
        null,
        null,
        null,
        null,
        null,
        null,
        null,
        null,
        null,
        null,
        null,
        null,
        null,
        null,
        null,
        null,
        1,
        null,
        null,
        null,
        null,
        null,
        null,
        null,
        null,
        null,
        null,
        null,
        null,
        null,
        null,
        null,
        null,
        null,
        null,
        null,
        null,
        null,
        null,
        null,
        null,
        null,
        null,
        null,
        null,
        null,
        null,
        null,
        null,
        null,
        null,
        null,
        null,
        null,
        null,
        null,
        null,
        null,
        1,
        null,
        null,
        null,
        null,
        null,
        null,
        null,
        null,
        null,
        null,
        1,
        null,
        null,
        1,
        null,
        null,
        null,
        null,
        null,
        null,
        null,
        null,
        null,
        null,
        null,
        null,
        null,
        null,
        null,
        null,
        null,
        null,
        null,
        null,
        null,
        null,
        null,
        null,
        null,
        null,
        null,
        null,
        null
      ],
      "/home/canojuan/RubymineProjects/BengalEvents/BengalApplication/config/initializers/filter_parameter_logging.rb": [
        null,
        null,
        null,
        1
      ],
      "/home/canojuan/RubymineProjects/BengalEvents/BengalApplication/config/initializers/inflections.rb": [
        null,
        null,
        null,
        null,
        null,
        null,
        null,
        null,
        null,
        null,
        null,
        null,
        null,
        null,
        null,
        null
      ],
      "/home/canojuan/RubymineProjects/BengalEvents/BengalApplication/config/initializers/mime_types.rb": [
        null,
        null,
        null,
        1
      ],
      "/home/canojuan/RubymineProjects/BengalEvents/BengalApplication/config/initializers/wrap_parameters.rb": [
        null,
        null,
        null,
        null,
        null,
        null,
        1,
        2,
        null,
        null,
        null,
        null,
        null,
        null
      ],
      "/home/canojuan/RubymineProjects/BengalEvents/BengalApplication/config/routes.rb": [
        1,
        1,
        1,
        1,
        1,
        1,
        null,
        null,
        1,
        1,
        1,
        1,
        1,
        1,
        1,
        1,
        1,
        1,
        null,
        1,
        null,
        null,
        null,
        1,
        1,
        1,
        1,
        1,
        1,
        1,
        1,
        1,
        null,
        1,
        null,
        1,
        1,
        null,
        null,
        null,
        null,
        null,
        null,
        null,
        null,
        1,
        1,
        1,
        1,
        1,
        null,
        null,
        null
      ],
      "/home/canojuan/RubymineProjects/BengalEvents/BengalApplication/app/models/user.rb": [
        null,
        null,
        null,
        null,
        null,
        null,
        null,
        null,
        null,
        null,
        null,
        null,
        null,
        null,
        null,
        null,
        1,
        null,
        null,
        1,
        null,
        1,
        1,
        1,
        1,
        1,
        1,
        1,
        null,
        1,
        1,
        1,
        1,
        1,
        null,
        1,
        null,
        1,
        0,
        0,
        null,
        null,
        null,
        1,
        0,
        0,
        null,
        0,
        null,
        null,
        null,
        1,
        0,
        null,
        null,
        1,
        5,
        5,
        5,
        0,
        0,
        null,
        null,
        null,
        null
      ],
      "/home/canojuan/RubymineProjects/BengalEvents/BengalApplication/app/models/application_record.rb": [
        1,
        1,
        null
      ],
      "/home/canojuan/RubymineProjects/BengalEvents/BengalApplication/lib/custom_failure.rb": [
        null,
        1,
        1,
        3,
        null,
        null,
        1,
        3,
        0,
        null,
        3,
        null,
        null,
        null
      ],
      "/home/canojuan/RubymineProjects/BengalEvents/BengalApplication/app/helpers/activities_helper.rb": [
        1,
        null
      ],
      "/home/canojuan/RubymineProjects/BengalEvents/BengalApplication/app/helpers/admins_helper.rb": [
        1,
        null
      ],
      "/home/canojuan/RubymineProjects/BengalEvents/BengalApplication/app/helpers/application_helper.rb": [
        1,
        null
      ],
      "/home/canojuan/RubymineProjects/BengalEvents/BengalApplication/app/helpers/coordinators_helper.rb": [
        1,
        null
      ],
      "/home/canojuan/RubymineProjects/BengalEvents/BengalApplication/app/helpers/events_helper.rb": [
        1,
        null
      ],
      "/home/canojuan/RubymineProjects/BengalEvents/BengalApplication/app/helpers/groupings_helper.rb": [
        1,
        null
      ],
      "/home/canojuan/RubymineProjects/BengalEvents/BengalApplication/app/helpers/homeroutes_helper.rb": [
        1,
        null
      ],
      "/home/canojuan/RubymineProjects/BengalEvents/BengalApplication/app/helpers/locations_helper.rb": [
        1,
        null
      ],
      "/home/canojuan/RubymineProjects/BengalEvents/BengalApplication/app/helpers/registrations_helper.rb": [
        1,
        null
      ],
      "/home/canojuan/RubymineProjects/BengalEvents/BengalApplication/app/helpers/sessions_helper.rb": [
        1,
        null
      ],
      "/home/canojuan/RubymineProjects/BengalEvents/BengalApplication/app/helpers/sponsors_helper.rb": [
        1,
        null
      ],
      "/home/canojuan/RubymineProjects/BengalEvents/BengalApplication/app/helpers/students_helper.rb": [
        1,
        null
      ],
      "/home/canojuan/RubymineProjects/BengalEvents/BengalApplication/app/helpers/teachers_helper.rb": [
        1,
        null
      ],
      "/home/canojuan/RubymineProjects/BengalEvents/BengalApplication/app/helpers/teams_helper.rb": [
        1,
        null
      ],
      "/home/canojuan/RubymineProjects/BengalEvents/BengalApplication/app/helpers/time_slots_helper.rb": [
        1,
        null
      ],
      "/home/canojuan/RubymineProjects/BengalEvents/BengalApplication/app/controllers/homeroutes_controller.rb": [
        1,
        1,
        null,
        12,
        2,
        null,
        null,
        null,
        12,
        12,
        12,
        null,
        null,
        null,
        1,
        2,
        2,
        2,
        2,
        2,
        null,
        null,
        2,
        null,
        null,
        1,
        0,
        0,
        null,
        null,
        1,
        0,
        null,
        0,
        0,
        0,
        0,
        null,
        0,
        null,
        null,
        null,
        1,
        null,
        1,
        2,
        0,
        null,
        2,
        null,
        null,
        null,
        1,
        null,
        0,
        0,
        0,
        null,
        0,
        null,
        0,
        0,
        0,
        null,
        0,
        null,
        null,
        null,
        1,
        0,
        0,
        0,
        null,
        0,
        null,
        null,
        0,
        0,
        0,
        null,
        0,
        null,
        null,
        null,
        0,
        null,
        0,
        0,
        null,
        0,
        0,
        0,
        null,
        null,
        null,
        null,
        1,
        0,
        null,
        0,
        null,
        0,
        0,
        null,
        null,
        null,
        null,
        1,
        0,
        null,
        null,
        0,
        0,
        0,
        null,
        null,
        0,
        null,
        null,
        null,
        1,
        0,
        null,
        0,
        0,
        0,
        null,
        null,
        0,
        null,
        null,
        null,
        1,
        0,
        0,
        null,
        null,
        0,
        0,
        0,
        null,
        null,
        0,
        null,
        0,
        null,
        0,
        null,
        null,
        null,
        1,
        null,
        0,
        0,
        null,
        0,
        null,
        0,
        null,
        0,
        null,
        0,
        null,
        null,
        null,
        1,
        0,
        null,
        null,
        null
      ],
      "/home/canojuan/RubymineProjects/BengalEvents/BengalApplication/app/controllers/application_controller.rb": [
        1,
        1,
        null,
        null,
        1,
        1,
        1,
        null,
        1,
        null,
        null,
        null,
        null,
        null,
        1,
        5,
        5,
        5,
        null,
        null,
        null,
        1,
        0,
        0,
        null,
        0,
        null,
        null,
        null,
        1,
        0,
        0,
        null,
        null
      ],
      "/home/canojuan/RubymineProjects/BengalEvents/BengalApplication/app/models/event.rb": [
        1,
        1,
        1,
        null,
        1,
        1,
        null,
        null,
        null,
        null,
        null,
        null,
        null,
        null,
        null,
        null,
        null
      ],
      "/home/canojuan/RubymineProjects/BengalEvents/BengalApplication/app/models/activity.rb": [
        1,
        1,
        null,
        1,
        1,
        1,
        1,
        null,
        null
      ],
      "/home/canojuan/RubymineProjects/BengalEvents/BengalApplication/app/models/session.rb": [
        1,
        1,
        1,
        1,
        1,
        1,
        1,
        1,
        null,
        null,
        null,
        null,
        null,
        null,
        null,
        null,
        null,
        null,
        null,
        null,
        null,
        null,
        null,
        1,
        0,
        0,
        0,
        null,
        0,
        null,
        0,
        null,
        null,
        0,
        null,
        null,
        null,
        null,
        null,
        1,
        null,
        8,
        8,
        null,
        null,
        null,
        null,
        null,
        14,
        null,
        null,
        8,
        null,
        null,
        null,
        null,
        null,
        null,
        null,
        null,
        null,
        null,
        null,
        null,
        null,
        null,
        null,
        null,
        null,
        null,
        null,
        null,
        null,
        null,
        null,
        1,
        0,
        null,
        0,
        0,
        null,
        0,
        0,
        null,
        null,
        null,
        0,
        0,
        null,
        null,
        null,
        null
      ],
      "/home/canojuan/RubymineProjects/BengalEvents/BengalApplication/app/models/assignment.rb": [
        1,
        1,
        1,
        null
      ],
      "/home/canojuan/RubymineProjects/BengalEvents/BengalApplication/app/models/role.rb": [
        1,
        1,
        1,
        null
      ],
      "/home/canojuan/RubymineProjects/BengalEvents/BengalApplication/app/models/registration.rb": [
        null,
        null,
        null,
        null,
        null,
        null,
        null,
        null,
        null,
        null,
        null,
        1,
        1,
        1,
        null,
        1,
        0,
        0,
        0,
        null,
        0,
        null,
        0,
        null,
        null,
        0,
        null,
        null,
        null,
        null
      ]
    },
    "timestamp": 1581107879
  }
}
